[32m[2023-03-01 01:15:26] - [info]: [39m[object Object]
[32m[2023-03-01 01:15:27] - [info]: [39mtrue
[31m[2023-03-01 01:15:27] - [error]: [39mField 'idDoctor' doesn't have a default value
[32m[2023-03-01 01:26:38] - [info]: [39m[object Object]
[32m[2023-03-01 01:26:38] - [info]: [39mtrue
[31m[2023-03-01 01:26:38] - [error]: [39mUnknown column 'isActive' in 'field list'
[32m[2023-03-01 01:28:14] - [info]: [39m[object Object]
[32m[2023-03-01 01:28:14] - [info]: [39mtrue
{"level":"info","message":{"avatar":"https://res.cloudinary.com/dvzgiho5t/image/upload/v1676890383/Myceph/avatar/ohetyhhqbrcorprvlpj3.png_Myceph/avatar/ohetyhhqbrcorprvlpj3","birthday":"2000-01-15T00:00:00.000Z","createdAt":"2023-02-15T12:33:18.000Z","description":"Description dfsafsd vcxavxvsdv","diploma":"Diploma ìds lfsdhn dsa","email":"nhat@gmail.com","fullName":"Nguyễn Xuân Nhất","gender":"male","id":"fd79dd08-6854-47fc-8355-52d75f54db38","password":"$2b$10$mLpdXMdzE2W8u0mfyRXtUejad7ai0qjA0G.V4L4J6tE/UG8iJXx0e","phoneNumber":"0866441507","position":"Position","speciality":"Speciality sd","updatedAt":"2023-02-20T10:53:03.000Z"},"timestamp":"2023-03-01 01:37:19"}
{"level":"info","message":true,"timestamp":"2023-03-01 01:37:19"}
{"level":"info","message":{"avatar":"https://res.cloudinary.com/dvzgiho5t/image/upload/v1676890383/Myceph/avatar/ohetyhhqbrcorprvlpj3.png_Myceph/avatar/ohetyhhqbrcorprvlpj3","birthday":"2000-01-15T00:00:00.000Z","createdAt":"2023-02-15T12:33:18.000Z","description":"Description dfsafsd vcxavxvsdv","diploma":"Diploma ìds lfsdhn dsa","email":"nhat@gmail.com","fullName":"Nguyễn Xuân Nhất","gender":"male","id":"fd79dd08-6854-47fc-8355-52d75f54db38","password":"$2b$10$mLpdXMdzE2W8u0mfyRXtUejad7ai0qjA0G.V4L4J6tE/UG8iJXx0e","phoneNumber":"0866441507","position":"Position","speciality":"Speciality sd","updatedAt":"2023-02-20T10:53:03.000Z"},"timestamp":"2023-03-01 01:55:16"}
{"level":"info","message":true,"timestamp":"2023-03-01 01:55:16"}
{"level":"info","message":{"avatar":"https://res.cloudinary.com/dvzgiho5t/image/upload/v1676890383/Myceph/avatar/ohetyhhqbrcorprvlpj3.png_Myceph/avatar/ohetyhhqbrcorprvlpj3","birthday":"2000-01-15T00:00:00.000Z","createdAt":"2023-02-15T12:33:18.000Z","description":"Description dfsafsd vcxavxvsdv","diploma":"Diploma ìds lfsdhn dsa","email":"nhat@gmail.com","fullName":"Nguyễn Xuân Nhất","gender":"male","id":"fd79dd08-6854-47fc-8355-52d75f54db38","password":"$2b$10$mLpdXMdzE2W8u0mfyRXtUejad7ai0qjA0G.V4L4J6tE/UG8iJXx0e","phoneNumber":"0866441507","position":"Position","speciality":"Speciality sd","updatedAt":"2023-02-20T10:53:03.000Z"},"timestamp":"2023-03-01 01:59:49"}
{"level":"info","message":true,"timestamp":"2023-03-01 01:59:49"}
{"level":"info","message":{"avatar":"https://res.cloudinary.com/dvzgiho5t/image/upload/v1676890383/Myceph/avatar/ohetyhhqbrcorprvlpj3.png_Myceph/avatar/ohetyhhqbrcorprvlpj3","birthday":"2000-01-15T00:00:00.000Z","createdAt":"2023-02-15T12:33:18.000Z","description":"Description dfsafsd vcxavxvsdv","diploma":"Diploma ìds lfsdhn dsa","email":"nhat@gmail.com","fullName":"Nguyễn Xuân Nhất","gender":"male","id":"fd79dd08-6854-47fc-8355-52d75f54db38","password":"$2b$10$mLpdXMdzE2W8u0mfyRXtUejad7ai0qjA0G.V4L4J6tE/UG8iJXx0e","phoneNumber":"0866441507","position":"Position","speciality":"Speciality sd","updatedAt":"2023-02-20T10:53:03.000Z"},"timestamp":"2023-03-01 02:02:05"}
{"level":"info","message":true,"timestamp":"2023-03-01 02:02:05"}
{"level":"info","message":{"avatar":"https://res.cloudinary.com/dvzgiho5t/image/upload/v1676890383/Myceph/avatar/ohetyhhqbrcorprvlpj3.png_Myceph/avatar/ohetyhhqbrcorprvlpj3","birthday":"2000-01-15T00:00:00.000Z","createdAt":"2023-02-15T12:33:18.000Z","description":"Description dfsafsd vcxavxvsdv","diploma":"Diploma ìds lfsdhn dsa","email":"nhat@gmail.com","fullName":"Nguyễn Xuân Nhất","gender":"male","id":"fd79dd08-6854-47fc-8355-52d75f54db38","password":"$2b$10$mLpdXMdzE2W8u0mfyRXtUejad7ai0qjA0G.V4L4J6tE/UG8iJXx0e","phoneNumber":"0866441507","position":"Position","speciality":"Speciality sd","updatedAt":"2023-02-20T10:53:03.000Z"},"timestamp":"2023-03-01 02:04:28"}
{"level":"info","message":true,"timestamp":"2023-03-01 02:04:28"}
{"level":"info","message":{"avatar":"https://res.cloudinary.com/dvzgiho5t/image/upload/v1676890383/Myceph/avatar/ohetyhhqbrcorprvlpj3.png_Myceph/avatar/ohetyhhqbrcorprvlpj3","birthday":"2000-01-15T00:00:00.000Z","createdAt":"2023-02-15T12:33:18.000Z","description":"Description dfsafsd vcxavxvsdv","diploma":"Diploma ìds lfsdhn dsa","email":"nhat@gmail.com","fullName":"Nguyễn Xuân Nhất","gender":"male","id":"fd79dd08-6854-47fc-8355-52d75f54db38","password":"$2b$10$mLpdXMdzE2W8u0mfyRXtUejad7ai0qjA0G.V4L4J6tE/UG8iJXx0e","phoneNumber":"0866441507","position":"Position","speciality":"Speciality sd","updatedAt":"2023-02-20T10:53:03.000Z"},"timestamp":"2023-03-01 02:05:15"}
{"level":"info","message":true,"timestamp":"2023-03-01 02:05:15"}
{"level":"info","message":{"avatar":"https://res.cloudinary.com/dvzgiho5t/image/upload/v1676890383/Myceph/avatar/ohetyhhqbrcorprvlpj3.png_Myceph/avatar/ohetyhhqbrcorprvlpj3","birthday":"2000-01-15T00:00:00.000Z","createdAt":"2023-02-15T12:33:18.000Z","description":"Description dfsafsd vcxavxvsdv","diploma":"Diploma ìds lfsdhn dsa","email":"nhat@gmail.com","fullName":"Nguyễn Xuân Nhất","gender":"male","id":"fd79dd08-6854-47fc-8355-52d75f54db38","password":"$2b$10$mLpdXMdzE2W8u0mfyRXtUejad7ai0qjA0G.V4L4J6tE/UG8iJXx0e","phoneNumber":"0866441507","position":"Position","speciality":"Speciality sd","updatedAt":"2023-02-20T10:53:03.000Z"},"timestamp":"2023-03-01 02:11:07"}
{"level":"info","message":true,"timestamp":"2023-03-01 02:11:07"}
{"level":"info","message":{"avatar":"https://res.cloudinary.com/dvzgiho5t/image/upload/v1676890383/Myceph/avatar/ohetyhhqbrcorprvlpj3.png_Myceph/avatar/ohetyhhqbrcorprvlpj3","birthday":"2000-01-15T00:00:00.000Z","createdAt":"2023-02-15T12:33:18.000Z","description":"Description dfsafsd vcxavxvsdv","diploma":"Diploma ìds lfsdhn dsa","email":"nhat@gmail.com","fullName":"Nguyễn Xuân Nhất","gender":"male","id":"fd79dd08-6854-47fc-8355-52d75f54db38","password":"$2b$10$mLpdXMdzE2W8u0mfyRXtUejad7ai0qjA0G.V4L4J6tE/UG8iJXx0e","phoneNumber":"0866441507","position":"Position","speciality":"Speciality sd","updatedAt":"2023-02-20T10:53:03.000Z"},"timestamp":"2023-03-01 02:13:00"}
{"level":"info","message":true,"timestamp":"2023-03-01 02:13:00"}
{"level":"info","message":{"avatar":"https://res.cloudinary.com/dvzgiho5t/image/upload/v1676890383/Myceph/avatar/ohetyhhqbrcorprvlpj3.png_Myceph/avatar/ohetyhhqbrcorprvlpj3","birthday":"2000-01-15T00:00:00.000Z","createdAt":"2023-02-15T12:33:18.000Z","description":"Description dfsafsd vcxavxvsdv","diploma":"Diploma ìds lfsdhn dsa","email":"nhat@gmail.com","fullName":"Nguyễn Xuân Nhất","gender":"male","id":"fd79dd08-6854-47fc-8355-52d75f54db38","password":"$2b$10$mLpdXMdzE2W8u0mfyRXtUejad7ai0qjA0G.V4L4J6tE/UG8iJXx0e","phoneNumber":"0866441507","position":"Position","speciality":"Speciality sd","updatedAt":"2023-02-20T10:53:03.000Z"},"timestamp":"2023-03-01 02:16:39"}
{"level":"info","message":true,"timestamp":"2023-03-01 02:16:39"}
{"level":"info","message":[1],"timestamp":"2023-03-01 11:56:46"}
