{"level":"error","name":"SequelizeDatabaseError","original":{"code":"ER_BAD_FIELD_ERROR","errno":1054,"sql":"SELECT `email,fullName` FROM `Doctors` AS `Doctor` LIMIT 1;","sqlMessage":"Unknown column 'email,fullName' in 'field list'","sqlState":"42S22"},"parameters":{},"parent":{"code":"ER_BAD_FIELD_ERROR","errno":1054,"sql":"SELECT `email,fullName` FROM `Doctors` AS `Doctor` LIMIT 1;","sqlMessage":"Unknown column 'email,fullName' in 'field list'","sqlState":"42S22"},"sql":"SELECT `email,fullName` FROM `Doctors` AS `Doctor` LIMIT 1;","timestamp":"2023-03-03 15:02:00"}
{"level":"error","name":"SequelizeDatabaseError","original":{"code":"ER_BAD_FIELD_ERROR","errno":1054,"sql":"SELECT `email,fullName` FROM `Doctors` AS `Doctor` LIMIT 1;","sqlMessage":"Unknown column 'email,fullName' in 'field list'","sqlState":"42S22"},"parameters":{},"parent":{"code":"ER_BAD_FIELD_ERROR","errno":1054,"sql":"SELECT `email,fullName` FROM `Doctors` AS `Doctor` LIMIT 1;","sqlMessage":"Unknown column 'email,fullName' in 'field list'","sqlState":"42S22"},"sql":"SELECT `email,fullName` FROM `Doctors` AS `Doctor` LIMIT 1;","timestamp":"2023-03-03 15:03:41"}
{"level":"error","timestamp":"2023-03-03 15:05:14"}
{"level":"error","name":"SequelizeDatabaseError","original":{"code":"ER_BAD_FIELD_ERROR","errno":1054,"sql":"SELECT `email,fullName` FROM `Doctors` AS `Doctor` WHERE `Doctor`.`id` = 'fd79dd08-6854-47fc-8355-52d75f54db38';","sqlMessage":"Unknown column 'email,fullName' in 'field list'","sqlState":"42S22"},"parameters":{},"parent":{"code":"ER_BAD_FIELD_ERROR","errno":1054,"sql":"SELECT `email,fullName` FROM `Doctors` AS `Doctor` WHERE `Doctor`.`id` = 'fd79dd08-6854-47fc-8355-52d75f54db38';","sqlMessage":"Unknown column 'email,fullName' in 'field list'","sqlState":"42S22"},"sql":"SELECT `email,fullName` FROM `Doctors` AS `Doctor` WHERE `Doctor`.`id` = 'fd79dd08-6854-47fc-8355-52d75f54db38';","timestamp":"2023-03-03 15:06:28"}
{"level":"error","name":"SequelizeDatabaseError","original":{"code":"ER_BAD_FIELD_ERROR","errno":1054,"sql":"SELECT `email,fullName` FROM `Doctors` AS `Doctor` WHERE `Doctor`.`id` = 'fd79dd08-6854-47fc-8355-52d75f54db38';","sqlMessage":"Unknown column 'email,fullName' in 'field list'","sqlState":"42S22"},"parameters":{},"parent":{"code":"ER_BAD_FIELD_ERROR","errno":1054,"sql":"SELECT `email,fullName` FROM `Doctors` AS `Doctor` WHERE `Doctor`.`id` = 'fd79dd08-6854-47fc-8355-52d75f54db38';","sqlMessage":"Unknown column 'email,fullName' in 'field list'","sqlState":"42S22"},"sql":"SELECT `email,fullName` FROM `Doctors` AS `Doctor` WHERE `Doctor`.`id` = 'fd79dd08-6854-47fc-8355-52d75f54db38';","timestamp":"2023-03-03 15:16:03"}
{"level":"error","name":"SequelizeDatabaseError","original":{"code":"ER_BAD_FIELD_ERROR","errno":1054,"sql":"SELECT `email,fullName` FROM `Doctors` AS `Doctor` WHERE `Doctor`.`id` = 'fd79dd08-6854-47fc-8355-52d75f54db38';","sqlMessage":"Unknown column 'email,fullName' in 'field list'","sqlState":"42S22"},"parameters":{},"parent":{"code":"ER_BAD_FIELD_ERROR","errno":1054,"sql":"SELECT `email,fullName` FROM `Doctors` AS `Doctor` WHERE `Doctor`.`id` = 'fd79dd08-6854-47fc-8355-52d75f54db38';","sqlMessage":"Unknown column 'email,fullName' in 'field list'","sqlState":"42S22"},"sql":"SELECT `email,fullName` FROM `Doctors` AS `Doctor` WHERE `Doctor`.`id` = 'fd79dd08-6854-47fc-8355-52d75f54db38';","timestamp":"2023-03-03 15:16:33"}
{"level":"error","name":"SequelizeDatabaseError","original":{"code":"ER_BAD_FIELD_ERROR","errno":1054,"sql":"SELECT `plan` FROM `DiagnosisAndTreatments` AS `DiagnosisAndTreatment` WHERE `DiagnosisAndTreatment`.`idDiagnosisAndTreatment` = '29493e8f-1726-4e4b-b051-df384086305c' LIMIT 1;","sqlMessage":"Unknown column 'plan' in 'field list'","sqlState":"42S22"},"parameters":{},"parent":{"code":"ER_BAD_FIELD_ERROR","errno":1054,"sql":"SELECT `plan` FROM `DiagnosisAndTreatments` AS `DiagnosisAndTreatment` WHERE `DiagnosisAndTreatment`.`idDiagnosisAndTreatment` = '29493e8f-1726-4e4b-b051-df384086305c' LIMIT 1;","sqlMessage":"Unknown column 'plan' in 'field list'","sqlState":"42S22"},"sql":"SELECT `plan` FROM `DiagnosisAndTreatments` AS `DiagnosisAndTreatment` WHERE `DiagnosisAndTreatment`.`idDiagnosisAndTreatment` = '29493e8f-1726-4e4b-b051-df384086305c' LIMIT 1;","timestamp":"2023-03-03 15:23:19"}
{"level":"error","timestamp":"2023-03-03 15:31:33"}
{"level":"error","timestamp":"2023-03-03 15:33:12"}
{"level":"error","timestamp":"2023-03-03 15:35:15"}
{"code":"ERR_ASSERTION","expected":true,"generatedMessage":false,"level":"error","operator":"==","timestamp":"2023-03-03 15:38:14"}
{"code":"ERR_ASSERTION","expected":true,"generatedMessage":false,"level":"error","operator":"==","timestamp":"2023-03-03 15:38:14"}
{"code":"ERR_ASSERTION","expected":true,"generatedMessage":false,"level":"error","operator":"==","timestamp":"2023-03-03 15:39:59"}
{"code":"ERR_ASSERTION","expected":true,"generatedMessage":false,"level":"error","operator":"==","timestamp":"2023-03-03 15:39:59"}
{"code":"ERR_ASSERTION","expected":true,"generatedMessage":false,"level":"error","operator":"==","timestamp":"2023-03-03 15:40:19"}
{"code":"ERR_ASSERTION","expected":true,"generatedMessage":false,"level":"error","operator":"==","timestamp":"2023-03-03 15:40:19"}
{"code":"ERR_ASSERTION","expected":true,"generatedMessage":false,"level":"error","operator":"==","timestamp":"2023-03-03 15:43:07"}
{"code":"ERR_ASSERTION","expected":true,"generatedMessage":false,"level":"error","operator":"==","timestamp":"2023-03-03 15:43:07"}
{"code":"ERR_ASSERTION","expected":true,"generatedMessage":false,"level":"error","operator":"==","timestamp":"2023-03-03 15:50:33"}
{"code":"ERR_ASSERTION","expected":true,"generatedMessage":false,"level":"error","operator":"==","timestamp":"2023-03-03 15:50:33"}
{"level":"info","message":{"createdAt":"2023-03-02T12:02:43.000Z","id":"90ef8512-40f1-42cd-8d97-0618848385dc","idTreatmentPlan":"29493e8f-1726-4e4b-b051-df384086305c","plan":null,"selected":1,"updatedAt":"2023-03-02T12:02:43.000Z"},"timestamp":"2023-03-03 15:51:44"}
{"code":"ERR_ASSERTION","expected":true,"generatedMessage":false,"level":"error","operator":"==","timestamp":"2023-03-03 15:51:44"}
{"code":"ERR_ASSERTION","expected":true,"generatedMessage":false,"level":"error","operator":"==","timestamp":"2023-03-03 15:51:44"}
{"level":"info","message":{"createdAt":"2023-03-02T12:02:43.000Z","id":"90ef8512-40f1-42cd-8d97-0618848385dc","idTreatmentPlan":"29493e8f-1726-4e4b-b051-df384086305c","plan":null,"selected":1,"updatedAt":"2023-03-02T12:02:43.000Z"},"timestamp":"2023-03-03 15:52:45"}
{"code":"ERR_ASSERTION","expected":true,"generatedMessage":false,"level":"error","operator":"==","timestamp":"2023-03-03 15:52:45"}
{"code":"ERR_ASSERTION","expected":true,"generatedMessage":false,"level":"error","operator":"==","timestamp":"2023-03-03 15:52:45"}
{"level":"info","message":{"createdAt":"2023-03-02T12:02:43.000Z","id":"90ef8512-40f1-42cd-8d97-0618848385dc","idTreatmentPlan":"29493e8f-1726-4e4b-b051-df384086305c","plan":null,"selected":1,"updatedAt":"2023-03-02T12:02:43.000Z"},"timestamp":"2023-03-03 15:52:52"}
{"code":"ERR_ASSERTION","expected":true,"generatedMessage":false,"level":"error","operator":"==","timestamp":"2023-03-03 15:52:52"}
{"code":"ERR_ASSERTION","expected":true,"generatedMessage":false,"level":"error","operator":"==","timestamp":"2023-03-03 15:52:52"}
{"level":"info","message":{"createdAt":"2023-03-02T12:02:43.000Z","id":"90ef8512-40f1-42cd-8d97-0618848385dc","idTreatmentPlan":"29493e8f-1726-4e4b-b051-df384086305c","plan":null,"selected":1,"updatedAt":"2023-03-02T12:02:43.000Z"},"timestamp":"2023-03-03 15:54:29"}
{"code":"ERR_ASSERTION","expected":true,"generatedMessage":false,"level":"error","operator":"==","timestamp":"2023-03-03 15:54:29"}
{"code":"ERR_ASSERTION","expected":true,"generatedMessage":false,"level":"error","operator":"==","timestamp":"2023-03-03 15:54:29"}
{"level":"error","timestamp":"2023-03-03 16:01:07"}
{"level":"error","timestamp":"2023-03-03 23:57:01"}
{"level":"error","timestamp":"2023-03-03 23:57:08"}
{"level":"error","timestamp":"2023-03-03 23:57:35"}
